{
  "RSpec": {
    "coverage": {
      "/home/iliyantachev/TP/TP_Rspec/RSA/TP-RSA-Algorithm/lib/RSA.rb": [
        1,
        1,
        1,
        2,
        2,
        2,
        null,
        null,
        1,
        1,
        null,
        null,
        1,
        1,
        null,
        null,
        1,
        1,
        null,
        null,
        1,
        1,
        1,
        1,
        null,
        1,
        23,
        null,
        1,
        6,
        null,
        null,
        1,
        null,
        1,
        1,
        null,
        1,
        null,
        1,
        3,
        null,
        null,
        1,
        null,
        1,
        6381311,
        6381309,
        null,
        null,
        1,
        null,
        1,
        null,
        null,
        1,
        102,
        null,
        null,
        1,
        102,
        null,
        null,
        null,
        null,
        null,
        null,
        null,
        null,
        null,
        null
      ]
    },
    "timestamp": 1514739310
  }
}
